<?xml version="1.0" encoding="UTF-8"?>
<robot generator="Robot 4.1.2 (Python 3.9.7 on win32)" generated="20211107 16:42:32.936" rpa="false" schemaversion="2">
<suite id="s1" name="Test1" source="C:\Users\Frost\Desktop\poker testcase\test1.robot">
<test id="s1-t1" name="๊User0 Hua_hong init">
<kw name="Open Browser" library="Selenium2Library">
<arg>${url}</arg>
<arg>chrome</arg>
<doc>Opens a new browser instance to the optional ``url``.</doc>
<msg timestamp="20211107 16:42:33.085" level="INFO">Opening browser 'chrome' to base url 'http://localhost:5000/'.</msg>
<status status="PASS" starttime="20211107 16:42:33.085" endtime="20211107 16:42:34.160"/>
</kw>
<kw name="Input Text Into Alert" library="Selenium2Library">
<arg>user0</arg>
<doc>Types the given ``text`` into an input field in an alert.</doc>
<status status="PASS" starttime="20211107 16:42:34.160" endtime="20211107 16:42:34.165"/>
</kw>
<kw name="Click Element" library="Selenium2Library">
<arg>id=id_button_startGame</arg>
<doc>Click the element identified by ``locator``.</doc>
<msg timestamp="20211107 16:42:34.166" level="INFO">Clicking element 'id=id_button_startGame'.</msg>
<status status="PASS" starttime="20211107 16:42:34.165" endtime="20211107 16:42:34.203"/>
</kw>
<kw name="Page Should Contain" library="Selenium2Library">
<arg>Choose Your action :</arg>
<doc>Verifies that current page contains ``text``.</doc>
<msg timestamp="20211107 16:42:34.223" level="INFO">Current page contains text 'Choose Your action :'.</msg>
<status status="PASS" starttime="20211107 16:42:34.203" endtime="20211107 16:42:34.223"/>
</kw>
<kw name="Click Element" library="Selenium2Library">
<arg>id=id_button_call</arg>
<doc>Click the element identified by ``locator``.</doc>
<msg timestamp="20211107 16:42:34.224" level="INFO">Clicking element 'id=id_button_call'.</msg>
<status status="PASS" starttime="20211107 16:42:34.223" endtime="20211107 16:42:34.324"/>
</kw>
<kw name="Alert Should Be Present" library="Selenium2Library">
<arg>You need to check (not call).</arg>
<doc>Verifies that an alert is present and by default, accepts it.</doc>
<msg timestamp="20211107 16:42:34.325" level="INFO">HANDLE::&lt;class 'NoneType'&gt;::None</msg>
<status status="PASS" starttime="20211107 16:42:34.325" endtime="20211107 16:42:34.327"/>
</kw>
<status status="PASS" starttime="20211107 16:42:33.085" endtime="20211107 16:42:34.327"/>
</test>
<status status="PASS" starttime="20211107 16:42:32.937" endtime="20211107 16:42:34.329"/>
</suite>
<statistics>
<total>
<stat pass="1" fail="0" skip="0">All Tests</stat>
</total>
<tag>
</tag>
<suite>
<stat pass="1" fail="0" skip="0" id="s1" name="Test1">Test1</stat>
</suite>
</statistics>
<errors>
</errors>
</robot>
