<?xml version="1.0" encoding="UTF-8"?>
<robot generator="Robot 4.1.2 (Python 3.9.7 on win32)" generated="20211111 17:32:08.540" rpa="false" schemaversion="2">
<suite id="s1" name="Testcase" source="c:\Users\Frost\Desktop\poker-proj\poker_testcase\testcase.robot">
<test id="s1-t1" name="Init all user position">
<kw name="Open Browser" library="Selenium2Library">
<arg>${url}</arg>
<arg>${browser}</arg>
<doc>Opens a new browser instance to the optional ``url``.</doc>
<msg timestamp="20211111 17:32:08.701" level="INFO">Opening browser 'chrome' to base url 'http://localhost:5000/'.</msg>
<status status="PASS" starttime="20211111 17:32:08.700" endtime="20211111 17:32:09.781"/>
</kw>
<kw name="Input Text" library="Selenium2Library">
<arg>id=id_input_username</arg>
<arg>user0</arg>
<doc>Types the given ``text`` into the text field identified by ``locator``.</doc>
<msg timestamp="20211111 17:32:09.782" level="INFO">Typing text 'user0' into text field 'id=id_input_username'.</msg>
<status status="PASS" starttime="20211111 17:32:09.782" endtime="20211111 17:32:09.821"/>
</kw>
<kw name="Click Element" library="Selenium2Library">
<arg>id=id_button_submitUsername</arg>
<doc>Click the element identified by ``locator``.</doc>
<msg timestamp="20211111 17:32:09.822" level="INFO">Clicking element 'id=id_button_submitUsername'.</msg>
<status status="PASS" starttime="20211111 17:32:09.822" endtime="20211111 17:32:09.848"/>
</kw>
<kw name="Set Window Position" library="Selenium2Library">
<arg>0</arg>
<arg>0</arg>
<doc>Sets window position using ``x`` and ``y`` coordinates.</doc>
<status status="PASS" starttime="20211111 17:32:09.848" endtime="20211111 17:32:09.954"/>
</kw>
<kw name="Set Window Size" library="Selenium2Library">
<arg>960</arg>
<arg>540</arg>
<doc>Sets current windows size to given ``width`` and ``height``.</doc>
<status status="PASS" starttime="20211111 17:32:09.954" endtime="20211111 17:32:10.061"/>
</kw>
<kw name="Open Browser" library="Selenium2Library">
<arg>${url}</arg>
<arg>${browser}</arg>
<doc>Opens a new browser instance to the optional ``url``.</doc>
<msg timestamp="20211111 17:32:10.062" level="INFO">Opening browser 'chrome' to base url 'http://localhost:5000/'.</msg>
<status status="PASS" starttime="20211111 17:32:10.061" endtime="20211111 17:32:11.102"/>
</kw>
<kw name="Input Text" library="Selenium2Library">
<arg>id=id_input_username</arg>
<arg>user1</arg>
<doc>Types the given ``text`` into the text field identified by ``locator``.</doc>
<msg timestamp="20211111 17:32:11.103" level="INFO">Typing text 'user1' into text field 'id=id_input_username'.</msg>
<status status="PASS" starttime="20211111 17:32:11.102" endtime="20211111 17:32:11.143"/>
</kw>
<kw name="Click Element" library="Selenium2Library">
<arg>id=id_button_submitUsername</arg>
<doc>Click the element identified by ``locator``.</doc>
<msg timestamp="20211111 17:32:11.144" level="INFO">Clicking element 'id=id_button_submitUsername'.</msg>
<status status="PASS" starttime="20211111 17:32:11.143" endtime="20211111 17:32:11.168"/>
</kw>
<kw name="Set Window Position" library="Selenium2Library">
<arg>960</arg>
<arg>0</arg>
<doc>Sets window position using ``x`` and ``y`` coordinates.</doc>
<status status="PASS" starttime="20211111 17:32:11.168" endtime="20211111 17:32:11.277"/>
</kw>
<kw name="Set Window Size" library="Selenium2Library">
<arg>960</arg>
<arg>540</arg>
<doc>Sets current windows size to given ``width`` and ``height``.</doc>
<status status="PASS" starttime="20211111 17:32:11.278" endtime="20211111 17:32:11.400"/>
</kw>
<kw name="Open Browser" library="Selenium2Library">
<arg>${url}</arg>
<arg>${browser}</arg>
<doc>Opens a new browser instance to the optional ``url``.</doc>
<msg timestamp="20211111 17:32:11.401" level="INFO">Opening browser 'chrome' to base url 'http://localhost:5000/'.</msg>
<status status="PASS" starttime="20211111 17:32:11.400" endtime="20211111 17:32:12.459"/>
</kw>
<kw name="Input Text" library="Selenium2Library">
<arg>id=id_input_username</arg>
<arg>user2</arg>
<doc>Types the given ``text`` into the text field identified by ``locator``.</doc>
<msg timestamp="20211111 17:32:12.460" level="INFO">Typing text 'user2' into text field 'id=id_input_username'.</msg>
<status status="PASS" starttime="20211111 17:32:12.460" endtime="20211111 17:32:12.501"/>
</kw>
<kw name="Click Element" library="Selenium2Library">
<arg>id=id_button_submitUsername</arg>
<doc>Click the element identified by ``locator``.</doc>
<msg timestamp="20211111 17:32:12.502" level="INFO">Clicking element 'id=id_button_submitUsername'.</msg>
<status status="PASS" starttime="20211111 17:32:12.501" endtime="20211111 17:32:12.527"/>
</kw>
<kw name="Set Window Position" library="Selenium2Library">
<arg>0</arg>
<arg>540</arg>
<doc>Sets window position using ``x`` and ``y`` coordinates.</doc>
<status status="PASS" starttime="20211111 17:32:12.527" endtime="20211111 17:32:12.645"/>
</kw>
<kw name="Set Window Size" library="Selenium2Library">
<arg>960</arg>
<arg>540</arg>
<doc>Sets current windows size to given ``width`` and ``height``.</doc>
<status status="PASS" starttime="20211111 17:32:12.645" endtime="20211111 17:32:12.768"/>
</kw>
<kw name="Open Browser" library="Selenium2Library">
<arg>${url}</arg>
<arg>${browser}</arg>
<doc>Opens a new browser instance to the optional ``url``.</doc>
<msg timestamp="20211111 17:32:12.769" level="INFO">Opening browser 'chrome' to base url 'http://localhost:5000/'.</msg>
<status status="PASS" starttime="20211111 17:32:12.768" endtime="20211111 17:32:13.831"/>
</kw>
<kw name="Input Text" library="Selenium2Library">
<arg>id=id_input_username</arg>
<arg>user3</arg>
<doc>Types the given ``text`` into the text field identified by ``locator``.</doc>
<msg timestamp="20211111 17:32:13.832" level="INFO">Typing text 'user3' into text field 'id=id_input_username'.</msg>
<status status="PASS" starttime="20211111 17:32:13.831" endtime="20211111 17:32:13.878"/>
</kw>
<kw name="Click Element" library="Selenium2Library">
<arg>id=id_button_submitUsername</arg>
<doc>Click the element identified by ``locator``.</doc>
<msg timestamp="20211111 17:32:13.879" level="INFO">Clicking element 'id=id_button_submitUsername'.</msg>
<status status="PASS" starttime="20211111 17:32:13.879" endtime="20211111 17:32:13.910"/>
</kw>
<kw name="Set Window Position" library="Selenium2Library">
<arg>960</arg>
<arg>540</arg>
<doc>Sets window position using ``x`` and ``y`` coordinates.</doc>
<status status="PASS" starttime="20211111 17:32:13.910" endtime="20211111 17:32:14.030"/>
</kw>
<kw name="Set Window Size" library="Selenium2Library">
<arg>960</arg>
<arg>540</arg>
<doc>Sets current windows size to given ``width`` and ``height``.</doc>
<status status="PASS" starttime="20211111 17:32:14.031" endtime="20211111 17:32:14.153"/>
</kw>
<status status="PASS" starttime="20211111 17:32:08.700" endtime="20211111 17:32:14.153"/>
</test>
<test id="s1-t2" name="Test success case: Startgame">
<kw name="Switch Browser" library="Selenium2Library">
<arg>1</arg>
<doc>Switches between active browsers using ``index_or_alias``.</doc>
<status status="PASS" starttime="20211111 17:32:14.155" endtime="20211111 17:32:14.155"/>
</kw>
<kw name="Click Element" library="Selenium2Library">
<arg>id=id_button_startGame</arg>
<doc>Click the element identified by ``locator``.</doc>
<msg timestamp="20211111 17:32:14.155" level="INFO">Clicking element 'id=id_button_startGame'.</msg>
<status status="PASS" starttime="20211111 17:32:14.155" endtime="20211111 17:32:14.177"/>
</kw>
<status status="PASS" starttime="20211111 17:32:14.154" endtime="20211111 17:32:14.178"/>
</test>
<test id="s1-t3" name="Test success case: Call">
<kw name="Switch Browser" library="Selenium2Library">
<arg>4</arg>
<doc>Switches between active browsers using ``index_or_alias``.</doc>
<status status="PASS" starttime="20211111 17:32:14.180" endtime="20211111 17:32:14.180"/>
</kw>
<kw name="Click Element" library="Selenium2Library">
<arg>id=id_button_call</arg>
<doc>Click the element identified by ``locator``.</doc>
<msg timestamp="20211111 17:32:14.180" level="INFO">Clicking element 'id=id_button_call'.</msg>
<status status="PASS" starttime="20211111 17:32:14.180" endtime="20211111 17:32:14.331"/>
</kw>
<kw name="Switch Browser" library="Selenium2Library">
<arg>1</arg>
<doc>Switches between active browsers using ``index_or_alias``.</doc>
<status status="PASS" starttime="20211111 17:32:14.332" endtime="20211111 17:32:14.332"/>
</kw>
<kw name="Click Element" library="Selenium2Library">
<arg>id=id_button_call</arg>
<doc>Click the element identified by ``locator``.</doc>
<msg timestamp="20211111 17:32:14.332" level="INFO">Clicking element 'id=id_button_call'.</msg>
<status status="PASS" starttime="20211111 17:32:14.332" endtime="20211111 17:32:14.370"/>
</kw>
<kw name="Switch Browser" library="Selenium2Library">
<arg>2</arg>
<doc>Switches between active browsers using ``index_or_alias``.</doc>
<status status="PASS" starttime="20211111 17:32:14.372" endtime="20211111 17:32:14.372"/>
</kw>
<kw name="Click Element" library="Selenium2Library">
<arg>id=id_button_call</arg>
<doc>Click the element identified by ``locator``.</doc>
<msg timestamp="20211111 17:32:14.372" level="INFO">Clicking element 'id=id_button_call'.</msg>
<status status="PASS" starttime="20211111 17:32:14.372" endtime="20211111 17:32:14.399"/>
</kw>
<status status="PASS" starttime="20211111 17:32:14.179" endtime="20211111 17:32:14.400"/>
</test>
<test id="s1-t4" name="Test success case: Check">
<kw name="Switch Browser" library="Selenium2Library">
<arg>3</arg>
<doc>Switches between active browsers using ``index_or_alias``.</doc>
<status status="PASS" starttime="20211111 17:32:14.402" endtime="20211111 17:32:14.402"/>
</kw>
<kw name="Click Element" library="Selenium2Library">
<arg>id=id_button_check</arg>
<doc>Click the element identified by ``locator``.</doc>
<msg timestamp="20211111 17:32:14.402" level="INFO">Clicking element 'id=id_button_check'.</msg>
<status status="PASS" starttime="20211111 17:32:14.402" endtime="20211111 17:32:14.433"/>
</kw>
<kw name="Switch Browser" library="Selenium2Library">
<arg>4</arg>
<doc>Switches between active browsers using ``index_or_alias``.</doc>
<status status="PASS" starttime="20211111 17:32:14.433" endtime="20211111 17:32:14.434"/>
</kw>
<kw name="Click Element" library="Selenium2Library">
<arg>id=id_button_check</arg>
<doc>Click the element identified by ``locator``.</doc>
<msg timestamp="20211111 17:32:14.434" level="INFO">Clicking element 'id=id_button_check'.</msg>
<status status="PASS" starttime="20211111 17:32:14.434" endtime="20211111 17:32:14.474"/>
</kw>
<kw name="Switch Browser" library="Selenium2Library">
<arg>1</arg>
<doc>Switches between active browsers using ``index_or_alias``.</doc>
<status status="PASS" starttime="20211111 17:32:14.475" endtime="20211111 17:32:14.475"/>
</kw>
<kw name="Click Element" library="Selenium2Library">
<arg>id=id_button_check</arg>
<doc>Click the element identified by ``locator``.</doc>
<msg timestamp="20211111 17:32:14.476" level="INFO">Clicking element 'id=id_button_check'.</msg>
<status status="PASS" starttime="20211111 17:32:14.475" endtime="20211111 17:32:14.497"/>
</kw>
<kw name="Switch Browser" library="Selenium2Library">
<arg>2</arg>
<doc>Switches between active browsers using ``index_or_alias``.</doc>
<status status="PASS" starttime="20211111 17:32:14.498" endtime="20211111 17:32:14.498"/>
</kw>
<kw name="Click Element" library="Selenium2Library">
<arg>id=id_button_check</arg>
<doc>Click the element identified by ``locator``.</doc>
<msg timestamp="20211111 17:32:14.498" level="INFO">Clicking element 'id=id_button_check'.</msg>
<status status="PASS" starttime="20211111 17:32:14.498" endtime="20211111 17:32:14.525"/>
</kw>
<kw name="Switch Browser" library="Selenium2Library">
<arg>3</arg>
<doc>Switches between active browsers using ``index_or_alias``.</doc>
<status status="PASS" starttime="20211111 17:32:14.526" endtime="20211111 17:32:14.526"/>
</kw>
<kw name="Click Element" library="Selenium2Library">
<arg>id=id_button_check</arg>
<doc>Click the element identified by ``locator``.</doc>
<msg timestamp="20211111 17:32:14.527" level="INFO">Clicking element 'id=id_button_check'.</msg>
<status status="PASS" starttime="20211111 17:32:14.526" endtime="20211111 17:32:14.544"/>
</kw>
<status status="PASS" starttime="20211111 17:32:14.401" endtime="20211111 17:32:14.545"/>
</test>
<test id="s1-t5" name="Test success case: Game ended -&gt; close browser">
<kw name="Switch Browser" library="Selenium2Library">
<arg>1</arg>
<doc>Switches between active browsers using ``index_or_alias``.</doc>
<status status="PASS" starttime="20211111 17:32:14.547" endtime="20211111 17:32:14.547"/>
</kw>
<kw name="Page Should Contain" library="Selenium2Library">
<arg>The game is ended.</arg>
<doc>Verifies that current page contains ``text``.</doc>
<msg timestamp="20211111 17:32:14.562" level="INFO">Current page contains text 'The game is ended.'.</msg>
<status status="PASS" starttime="20211111 17:32:14.547" endtime="20211111 17:32:14.562"/>
</kw>
<kw name="Close Browser" library="Selenium2Library">
<doc>Closes the current browser.</doc>
<status status="PASS" starttime="20211111 17:32:14.563" endtime="20211111 17:32:16.673"/>
</kw>
<kw name="Switch Browser" library="Selenium2Library">
<arg>2</arg>
<doc>Switches between active browsers using ``index_or_alias``.</doc>
<status status="PASS" starttime="20211111 17:32:16.674" endtime="20211111 17:32:16.674"/>
</kw>
<kw name="Page Should Contain" library="Selenium2Library">
<arg>The game is ended.</arg>
<doc>Verifies that current page contains ``text``.</doc>
<msg timestamp="20211111 17:32:16.682" level="INFO">Current page contains text 'The game is ended.'.</msg>
<status status="PASS" starttime="20211111 17:32:16.674" endtime="20211111 17:32:16.682"/>
</kw>
<kw name="Close Browser" library="Selenium2Library">
<doc>Closes the current browser.</doc>
<status status="PASS" starttime="20211111 17:32:16.682" endtime="20211111 17:32:18.780"/>
</kw>
<kw name="Switch Browser" library="Selenium2Library">
<arg>3</arg>
<doc>Switches between active browsers using ``index_or_alias``.</doc>
<status status="PASS" starttime="20211111 17:32:18.780" endtime="20211111 17:32:18.781"/>
</kw>
<kw name="Page Should Contain" library="Selenium2Library">
<arg>The game is ended.</arg>
<doc>Verifies that current page contains ``text``.</doc>
<msg timestamp="20211111 17:32:18.789" level="INFO">Current page contains text 'The game is ended.'.</msg>
<status status="PASS" starttime="20211111 17:32:18.781" endtime="20211111 17:32:18.789"/>
</kw>
<kw name="Close Browser" library="Selenium2Library">
<doc>Closes the current browser.</doc>
<status status="PASS" starttime="20211111 17:32:18.790" endtime="20211111 17:32:20.872"/>
</kw>
<kw name="Switch Browser" library="Selenium2Library">
<arg>4</arg>
<doc>Switches between active browsers using ``index_or_alias``.</doc>
<status status="PASS" starttime="20211111 17:32:20.873" endtime="20211111 17:32:20.873"/>
</kw>
<kw name="Page Should Contain" library="Selenium2Library">
<arg>The game is ended.</arg>
<doc>Verifies that current page contains ``text``.</doc>
<msg timestamp="20211111 17:32:20.883" level="INFO">Current page contains text 'The game is ended.'.</msg>
<status status="PASS" starttime="20211111 17:32:20.873" endtime="20211111 17:32:20.883"/>
</kw>
<kw name="Close Browser" library="Selenium2Library">
<doc>Closes the current browser.</doc>
<status status="PASS" starttime="20211111 17:32:20.884" endtime="20211111 17:32:23.041"/>
</kw>
<status status="PASS" starttime="20211111 17:32:14.546" endtime="20211111 17:32:23.041"/>
</test>
<status status="PASS" starttime="20211111 17:32:08.541" endtime="20211111 17:32:23.042"/>
</suite>
<statistics>
<total>
<stat pass="5" fail="0" skip="0">All Tests</stat>
</total>
<tag>
</tag>
<suite>
<stat pass="5" fail="0" skip="0" id="s1" name="Testcase">Testcase</stat>
</suite>
</statistics>
<errors>
</errors>
</robot>
